[2023.11.12]
- 重写了ExcelKernel的功能，导致了大部分代码需要重构
[2023.11.14]
- 经过再三斟酌，仍把搜索栏放在了全局；为了解决之前遗留的问题，
- 我使用了HeaderLabels列表来作为与OptTableWidget直接相关的数据交换的对象，HeaderChangedSignal信号量作为同步其他功能的标记
    >> 使用Ctrl+F搜索下面此命令，可找到所有用到该信号的位置
    ```
    # @发射信号
    ```
[2023.11.15]
- 修改了行列导出的功能，不在提供一个子线程，而是与当前主线程同步，因此导出大量数据采用文件导出为适
- 在日后需要不必要的优化（加弹窗报错）处添加了标记
    >> ...
    ```
     # @Msg_Error
    ```
[2023.11.16]
- 添加了冻结、链接、标记的功能，并创建了qss管理器QssSetter
- 链接的单元格被导入文件后不会被覆盖，要想正常显示请恢复单元格
- 标记和冻结的单元格被导入文件后会被覆盖
- 一个单元格只能同时有三态中的一个

[2023.11.18]
- 添加了锚点解冻功能，鼠标变成十字，如果一个Cell是冻结的，会直接解冻并恢复鼠标，如果不是冻结但是空的，第一次会保持原状，第二次则会丢失恢复；如果非空，直接恢复

[2023.11.20]
- 添加了合并单元格的功能，但是没有补全对应的回退功能，不是不会（而是觉得自己的方法时间复杂度太高了）
- 使用# @test标记了这类谨慎使用的功能
    ```
    # @test
    ```
[2023.11.29]
- 重新优化了侧边按钮栏，添加了插件区，可用于展示依赖核心控件的Widget
- 之前基于原生importlib库写了个自己的插件库并做了优化，定义简单且使用方便
- 基于插件库开发了插件部分功能，具体去看plugin文件夹下的markdown文件说明
- 添加了插件区空白时拖入临时插件的面板

[2023.12.9]
- 再次给导入功能添加了加载界面，同样的，该界面在处理大数据运算时（例如大量数据导入分析器并处理），可以作为缓冲，掩盖界面假死
- 另外，在导入分析时，可以杀死本次导入子线程，不造成数据污染

[2023.12.14]
- 因给导入添加了加载界面，导致了一个bug——如果加载未完成，通过任务栏强行杀死了对话框进程，会导致界面卡顿，因为没有完全杀死导入进程
- 现在有三个解决措施
> 1.忽视（好办法）
> 2.隐藏加载的任务栏图标，或者忽视强行关闭
> 3.实现两个代码版本——一个面向加载完成的同步代码，另一个是被关闭后由代码杀死进程并恢复上一次的数据各种相关

[2023.12.19]
- 研前闲暇最后一写，开始封装QChart，并且添加了两个简单的数据分析图例，然而并没有采用多线程并行，具体方案没找到
- 另外，如果有空，一定要优化一下内存占用